{"name": "Тестирование процесса покупки товаров", "status": "broken", "statusDetails": {"message": "selenium.common.exceptions.TimeoutException: Message: \nStacktrace:\nRemoteError@chrome://remote/content/shared/RemoteError.sys.mjs:8:8\nWebDriverError@chrome://remote/content/shared/webdriver/Errors.sys.mjs:202:5\nNoSuchElementError@chrome://remote/content/shared/webdriver/Errors.sys.mjs:555:5\ndom.find/</<@chrome://remote/content/shared/DOM.sys.mjs:136:16", "trace": "driver = <selenium.webdriver.firefox.webdriver.WebDriver (session=\"4c6c209d-3ef0-4444-89ea-6098a13f69a7\")>\n\n    @allure.feature(\"Покупка товаров\")\n    @allure.story(\"Полный цикл покупки\")\n    @allure.title(\"Тестирование процесса покупки товаров\")\n    @allure.description(\"Тест проверяет весь процесс покупки: \"\n                       \"авторизацию, добавление товаров в корзину, \"\n                       \"оформление заказа и проверку итоговой суммы\")\n    @allure.severity(Severity.CRITICAL)\n    def test_shop(driver):\n        # Авторизация\n        login_page = LoginPage(driver)\n        with allure.step(\"Авторизация пользователя\"):\n            login_page.enter_username(\"standard_user\")\n            login_page.enter_password(\"secret_sauce\")\n            login_page.click_login()\n    \n        with allure.step(\"Проверка успешной авторизации\"):\n            assert login_page.is_login_successful(), \"Авторизация не прошла успешно\"\n    \n        # Работа с главной страницей\n        main_page = MainPage(driver)\n        products = [\n                \"Sauce Labs Backpack\",\n                \"Sauce Labs Bolt T-Shirt\",\n                \"Sauce Labs Onesie\"\n            ]\n    \n        with allure.step(\"Добавление товаров в корзину\"):\n            for product in products:\n                main_page.add_product_to_cart(product)\n    \n        with allure.step(\"Переход в корзину\"):\n>           main_page.go_to_cart()\n\ntest_shopAllure.py:56: \n_ _ _ _ _ _ _ _ _ _ _ _ _ _ _ _ _ _ _ _ _ _ _ _ _ _ _ _ _ _ _ _ _ _ _ _ _ _ _ _ _ _ _ _ _ _ _ _ _ _ _ _ _ _ _ _ _ _ _ _ _ _ _ _ _ _ _ _ _ _\npages\\main_pageAllure.py:18: in go_to_cart\n    WebDriverWait(self.driver, 20).until(\n_ _ _ _ _ _ _ _ _ _ _ _ _ _ _ _ _ _ _ _ _ _ _ _ _ _ _ _ _ _ _ _ _ _ _ _ _ _ _ _ _ _ _ _ _ _ _ _ _ _ _ _ _ _ _ _ _ _ _ _ _ _ _ _ _ _ _ _ _ _\n\nself = <selenium.webdriver.support.wait.WebDriverWait (session=\"4c6c209d-3ef0-4444-89ea-6098a13f69a7\")>\nmethod = <function element_to_be_clickable.<locals>._predicate at 0x0000022CDE8BA2A0>, message = ''\n\n    def until(self, method: Callable[[D], Union[Literal[False], T]], message: str = \"\") -> T:\n        \"\"\"Wait until the method returns a value that is not False.\n    \n        Calls the method provided with the driver as an argument until the\n        return value does not evaluate to ``False``.\n    \n        Parameters:\n        -----------\n        method: callable(WebDriver)\n            - A callable object that takes a WebDriver instance as an argument.\n    \n        message: str\n            - Optional message for :exc:`TimeoutException`\n    \n        Return:\n        -------\n        object: T\n            - The result of the last call to `method`\n    \n        Raises:\n        -------\n        TimeoutException\n            - If 'method' does not return a truthy value within the WebDriverWait\n            object's timeout\n    \n        Example:\n        --------\n        >>> from selenium.webdriver.common.by import By\n        >>> from selenium.webdriver.support.ui import WebDriverWait\n        >>> from selenium.webdriver.support import expected_conditions as EC\n    \n        # Wait until an element is visible on the page\n        >>> wait = WebDriverWait(driver, 10)\n        >>> element = wait.until(EC.visibility_of_element_located((By.ID, \"exampleId\")))\n        >>> print(element.text)\n        \"\"\"\n        screen = None\n        stacktrace = None\n    \n        end_time = time.monotonic() + self._timeout\n        while True:\n            try:\n                value = method(self._driver)\n                if value:\n                    return value\n            except self._ignored_exceptions as exc:\n                screen = getattr(exc, \"screen\", None)\n                stacktrace = getattr(exc, \"stacktrace\", None)\n            if time.monotonic() > end_time:\n                break\n            time.sleep(self._poll)\n>       raise TimeoutException(message, screen, stacktrace)\nE       selenium.common.exceptions.TimeoutException: Message: \nE       Stacktrace:\nE       RemoteError@chrome://remote/content/shared/RemoteError.sys.mjs:8:8\nE       WebDriverError@chrome://remote/content/shared/webdriver/Errors.sys.mjs:202:5\nE       NoSuchElementError@chrome://remote/content/shared/webdriver/Errors.sys.mjs:555:5\nE       dom.find/</<@chrome://remote/content/shared/DOM.sys.mjs:136:16\n\n..\\..\\..\\AppData\\Local\\Programs\\Python\\Python313\\Lib\\site-packages\\selenium\\webdriver\\support\\wait.py:138: TimeoutException"}, "description": "Тест проверяет весь процесс покупки: авторизацию, добавление товаров в корзину, оформление заказа и проверку итоговой суммы", "steps": [{"name": "Авторизация пользователя", "status": "passed", "start": 1759475756526, "stop": 1759475756774}, {"name": "Проверка успешной авторизации", "status": "passed", "start": 1759475756774, "stop": 1759475756777}, {"name": "Добавление товаров в корзину", "status": "passed", "start": 1759475756777, "stop": 1759475756777}, {"name": "Переход в корзину", "status": "broken", "statusDetails": {"message": "selenium.common.exceptions.TimeoutException: Message: \nStacktrace:\nRemoteError@chrome://remote/content/shared/RemoteError.sys.mjs:8:8\nWebDriverError@chrome://remote/content/shared/webdriver/Errors.sys.mjs:202:5\nNoSuchElementError@chrome://remote/content/shared/webdriver/Errors.sys.mjs:555:5\ndom.find/</<@chrome://remote/content/shared/DOM.sys.mjs:136:16\n\n", "trace": "  File \"C:\\Users\\ramziya\\Desktop\\RamziyaG_Homework_Python\\lesson10\\test_shopAllure.py\", line 56, in test_shop\n    main_page.go_to_cart()\n    ~~~~~~~~~~~~~~~~~~~~^^\n  File \"C:\\Users\\ramziya\\Desktop\\RamziyaG_Homework_Python\\lesson10\\pages\\main_pageAllure.py\", line 18, in go_to_cart\n    WebDriverWait(self.driver, 20).until(\n    ~~~~~~~~~~~~~~~~~~~~~~~~~~~~~~~~~~~~^\n        EC.element_to_be_clickable(self.cart_button)\n        ^^^^^^^^^^^^^^^^^^^^^^^^^^^^^^^^^^^^^^^^^^^^\n    ).click()\n    ^\n  File \"C:\\Users\\ramziya\\AppData\\Local\\Programs\\Python\\Python313\\Lib\\site-packages\\selenium\\webdriver\\support\\wait.py\", line 138, in until\n    raise TimeoutException(message, screen, stacktrace)\n"}, "start": 1759475756777, "stop": 1759475777305}], "start": 1759475756526, "stop": 1759475777307, "uuid": "1881ec9e-aab3-4dc1-be64-564ecf97c250", "historyId": "3ae7013a0082b935854fc92f3744cabb", "testCaseId": "3ae7013a0082b935854fc92f3744cabb", "fullName": "lesson10.test_shopAllure#test_shop", "labels": [{"name": "feature", "value": "Покупка товаров"}, {"name": "story", "value": "Полный цикл покупки"}, {"name": "severity", "value": "critical"}, {"name": "parentSuite", "value": "lesson10"}, {"name": "suite", "value": "test_shopAllure"}, {"name": "host", "value": "DESKTOP-26H1N68"}, {"name": "thread", "value": "20032-MainThread"}, {"name": "framework", "value": "pytest"}, {"name": "language", "value": "cpython3"}, {"name": "package", "value": "lesson10.test_shopAllure"}], "titlePath": ["lesson10", "test_shopAllure.py"]}